15:29:56:251  INFO 12184 --- [main] com.hmall.item.ItemApplication           : Starting ItemApplication using Java 11.0.28 on LAPTOP-RUIK7QHC with PID 12184 (D:\BaiduNetdiskDownload\lession\microservices\hmall\item-service\target\classes started by zhf in D:\BaiduNetdiskDownload\lession\microservices\hmall)
15:29:56:254 DEBUG 12184 --- [main] com.hmall.item.ItemApplication           : Running with Spring Boot v2.7.12, Spring v5.3.27
15:29:56:255  INFO 12184 --- [main] com.hmall.item.ItemApplication           : The following 1 profile is active: "local"
15:29:57:198  INFO 12184 --- [main] o.s.b.w.embedded.tomcat.TomcatWebServer  : Tomcat initialized with port(s): 8081 (http)
15:29:57:206  INFO 12184 --- [main] o.apache.catalina.core.StandardService   : Starting service [Tomcat]
15:29:57:206  INFO 12184 --- [main] org.apache.catalina.core.StandardEngine  : Starting Servlet engine: [Apache Tomcat/9.0.75]
15:29:57:288  INFO 12184 --- [main] o.a.c.c.C.[Tomcat].[localhost].[/]       : Initializing Spring embedded WebApplicationContext
15:29:57:288  INFO 12184 --- [main] w.s.c.ServletWebServerApplicationContext : Root WebApplicationContext: initialization completed in 992 ms
15:29:58:580  INFO 12184 --- [main] pertySourcedRequestMappingHandlerMapping : Mapped URL path [/v2/api-docs] onto method [springfox.documentation.swagger2.web.Swagger2ControllerWebMvc#getDocumentation(String, HttpServletRequest)]
15:29:58:644  INFO 12184 --- [main] o.s.b.w.embedded.tomcat.TomcatWebServer  : Tomcat started on port(s): 8081 (http) with context path ''
15:29:58:645  INFO 12184 --- [main] d.s.w.p.DocumentationPluginsBootstrapper : Documentation plugins bootstrapped
15:29:58:647  INFO 12184 --- [main] d.s.w.p.DocumentationPluginsBootstrapper : Found 1 custom documentation plugin(s)
15:29:58:671  INFO 12184 --- [main] s.d.s.w.s.ApiListingReferenceScanner     : Scanning for api listing references
15:29:58:784  INFO 12184 --- [main] com.hmall.item.ItemApplication           : Started ItemApplication in 2.833 seconds (JVM running for 3.648)
15:30:01:625  INFO 12184 --- [http-nio-8081-exec-1] o.a.c.c.C.[Tomcat].[localhost].[/]       : Initializing Spring DispatcherServlet 'dispatcherServlet'
15:30:01:626  INFO 12184 --- [http-nio-8081-exec-1] o.s.web.servlet.DispatcherServlet        : Initializing Servlet 'dispatcherServlet'
15:30:01:627  INFO 12184 --- [http-nio-8081-exec-1] o.s.web.servlet.DispatcherServlet        : Completed initialization in 1 ms
15:30:54:284  INFO 12184 --- [http-nio-8081-exec-6] com.zaxxer.hikari.HikariDataSource       : HikariPool-1 - Starting...
15:30:54:557  INFO 12184 --- [http-nio-8081-exec-6] com.zaxxer.hikari.HikariDataSource       : HikariPool-1 - Start completed.
15:30:54:564 DEBUG 12184 --- [http-nio-8081-exec-6] c.h.i.mapper.ItemMapper.selectBatchIds   : ==>  Preparing: SELECT id,name,price,stock,image,category,brand,spec,sold,comment_count,isAD,status,create_time,update_time,creater,updater FROM item WHERE id IN ( ? )
15:30:54:587 DEBUG 12184 --- [http-nio-8081-exec-6] c.h.i.mapper.ItemMapper.selectBatchIds   : ==> Parameters: 12(Long)
15:30:54:610 DEBUG 12184 --- [http-nio-8081-exec-6] c.h.i.mapper.ItemMapper.selectBatchIds   : <==      Total: 0
15:31:06:699 DEBUG 12184 --- [http-nio-8081-exec-10] c.h.i.m.ItemMapper.selectPage_mpCount    : ==>  Preparing: SELECT COUNT(*) FROM item
15:31:06:700 DEBUG 12184 --- [http-nio-8081-exec-10] c.h.i.m.ItemMapper.selectPage_mpCount    : ==> Parameters: 
15:31:06:720 DEBUG 12184 --- [http-nio-8081-exec-10] c.h.i.m.ItemMapper.selectPage_mpCount    : <==      Total: 1
15:31:06:729 DEBUG 12184 --- [http-nio-8081-exec-10] c.h.item.mapper.ItemMapper.selectPage    : ==>  Preparing: SELECT id, name, price, stock, image, category, brand, spec, sold, comment_count, isAD, status, create_time, update_time, creater, updater FROM item ORDER BY update_time DESC LIMIT ?
15:31:06:729 DEBUG 12184 --- [http-nio-8081-exec-10] c.h.item.mapper.ItemMapper.selectPage    : ==> Parameters: 20(Long)
15:31:06:745 DEBUG 12184 --- [http-nio-8081-exec-10] c.h.item.mapper.ItemMapper.selectPage    : <==      Total: 20
15:31:40:987 DEBUG 12184 --- [http-nio-8081-exec-5] c.h.i.mapper.ItemMapper.selectBatchIds   : ==>  Preparing: SELECT id,name,price,stock,image,category,brand,spec,sold,comment_count,isAD,status,create_time,update_time,creater,updater FROM item WHERE id IN ( ? , ? , ? )
15:31:40:987 DEBUG 12184 --- [http-nio-8081-exec-5] c.h.i.mapper.ItemMapper.selectBatchIds   : ==> Parameters: 100002672302(Long), 100002624500(Long), 100002533430(Long)
15:31:40:992 DEBUG 12184 --- [http-nio-8081-exec-5] c.h.i.mapper.ItemMapper.selectBatchIds   : <==      Total: 3
16:12:32:719  INFO 12184 --- [SpringApplicationShutdownHook] com.zaxxer.hikari.HikariDataSource       : HikariPool-1 - Shutdown initiated...
16:12:32:745  INFO 12184 --- [SpringApplicationShutdownHook] com.zaxxer.hikari.HikariDataSource       : HikariPool-1 - Shutdown completed.
19:02:50:084  INFO 34360 --- [main] com.hmall.item.ItemApplication           : Starting ItemApplication using Java 11.0.28 on LAPTOP-RUIK7QHC with PID 34360 (D:\BaiduNetdiskDownload\lession\microservices\hmall\item-service\target\classes started by zhf in D:\BaiduNetdiskDownload\lession\microservices\hmall)
19:02:50:086 DEBUG 34360 --- [main] com.hmall.item.ItemApplication           : Running with Spring Boot v2.7.12, Spring v5.3.27
19:02:50:086  INFO 34360 --- [main] com.hmall.item.ItemApplication           : The following 1 profile is active: "local"
19:02:51:214  INFO 34360 --- [main] o.s.b.w.embedded.tomcat.TomcatWebServer  : Tomcat initialized with port(s): 8081 (http)
19:02:51:225  INFO 34360 --- [main] o.apache.catalina.core.StandardService   : Starting service [Tomcat]
19:02:51:226  INFO 34360 --- [main] org.apache.catalina.core.StandardEngine  : Starting Servlet engine: [Apache Tomcat/9.0.75]
19:02:51:329  INFO 34360 --- [main] o.a.c.c.C.[Tomcat].[localhost].[/]       : Initializing Spring embedded WebApplicationContext
19:02:51:329  INFO 34360 --- [main] w.s.c.ServletWebServerApplicationContext : Root WebApplicationContext: initialization completed in 1196 ms
19:02:52:731  INFO 34360 --- [main] pertySourcedRequestMappingHandlerMapping : Mapped URL path [/v2/api-docs] onto method [springfox.documentation.swagger2.web.Swagger2ControllerWebMvc#getDocumentation(String, HttpServletRequest)]
19:02:52:800  INFO 34360 --- [main] o.s.b.w.embedded.tomcat.TomcatWebServer  : Tomcat started on port(s): 8081 (http) with context path ''
19:02:52:801  INFO 34360 --- [main] d.s.w.p.DocumentationPluginsBootstrapper : Documentation plugins bootstrapped
19:02:52:804  INFO 34360 --- [main] d.s.w.p.DocumentationPluginsBootstrapper : Found 1 custom documentation plugin(s)
19:02:52:834  INFO 34360 --- [main] s.d.s.w.s.ApiListingReferenceScanner     : Scanning for api listing references
19:02:52:964  INFO 34360 --- [main] com.hmall.item.ItemApplication           : Started ItemApplication in 3.282 seconds (JVM running for 4.119)
19:08:04:576  INFO 34360 --- [http-nio-8081-exec-1] o.a.c.c.C.[Tomcat].[localhost].[/]       : Initializing Spring DispatcherServlet 'dispatcherServlet'
19:08:04:577  INFO 34360 --- [http-nio-8081-exec-1] o.s.web.servlet.DispatcherServlet        : Initializing Servlet 'dispatcherServlet'
19:08:04:578  INFO 34360 --- [http-nio-8081-exec-1] o.s.web.servlet.DispatcherServlet        : Completed initialization in 1 ms
19:08:04:635  INFO 34360 --- [http-nio-8081-exec-1] com.zaxxer.hikari.HikariDataSource       : HikariPool-1 - Starting...
19:08:04:872  INFO 34360 --- [http-nio-8081-exec-1] com.zaxxer.hikari.HikariDataSource       : HikariPool-1 - Start completed.
19:08:04:880 DEBUG 34360 --- [http-nio-8081-exec-1] c.h.i.mapper.ItemMapper.selectBatchIds   : ==>  Preparing: SELECT id,name,price,stock,image,category,brand,spec,sold,comment_count,isAD,status,create_time,update_time,creater,updater FROM item WHERE id IN ( ? )
19:08:04:895 DEBUG 34360 --- [http-nio-8081-exec-1] c.h.i.mapper.ItemMapper.selectBatchIds   : ==> Parameters: 100000006163(Long)
19:08:04:913 DEBUG 34360 --- [http-nio-8081-exec-1] c.h.i.mapper.ItemMapper.selectBatchIds   : <==      Total: 1
19:08:31:197 DEBUG 34360 --- [http-nio-8081-exec-2] c.h.i.mapper.ItemMapper.selectBatchIds   : ==>  Preparing: SELECT id,name,price,stock,image,category,brand,spec,sold,comment_count,isAD,status,create_time,update_time,creater,updater FROM item WHERE id IN ( ? )
19:08:31:197 DEBUG 34360 --- [http-nio-8081-exec-2] c.h.i.mapper.ItemMapper.selectBatchIds   : ==> Parameters: 100000006163(Long)
19:08:31:202 DEBUG 34360 --- [http-nio-8081-exec-2] c.h.i.mapper.ItemMapper.selectBatchIds   : <==      Total: 1
19:08:32:816 DEBUG 34360 --- [http-nio-8081-exec-3] c.h.i.mapper.ItemMapper.selectBatchIds   : ==>  Preparing: SELECT id,name,price,stock,image,category,brand,spec,sold,comment_count,isAD,status,create_time,update_time,creater,updater FROM item WHERE id IN ( ? )
19:08:32:817 DEBUG 34360 --- [http-nio-8081-exec-3] c.h.i.mapper.ItemMapper.selectBatchIds   : ==> Parameters: 100000006163(Long)
19:08:32:821 DEBUG 34360 --- [http-nio-8081-exec-3] c.h.i.mapper.ItemMapper.selectBatchIds   : <==      Total: 1
19:09:21:272 DEBUG 34360 --- [http-nio-8081-exec-4] c.h.i.mapper.ItemMapper.selectBatchIds   : ==>  Preparing: SELECT id,name,price,stock,image,category,brand,spec,sold,comment_count,isAD,status,create_time,update_time,creater,updater FROM item WHERE id IN ( ? )
19:09:21:272 DEBUG 34360 --- [http-nio-8081-exec-4] c.h.i.mapper.ItemMapper.selectBatchIds   : ==> Parameters: 100000006163(Long)
19:09:21:276 DEBUG 34360 --- [http-nio-8081-exec-4] c.h.i.mapper.ItemMapper.selectBatchIds   : <==      Total: 1
19:10:50:658  INFO 34360 --- [SpringApplicationShutdownHook] com.zaxxer.hikari.HikariDataSource       : HikariPool-1 - Shutdown initiated...
19:10:50:681  INFO 34360 --- [SpringApplicationShutdownHook] com.zaxxer.hikari.HikariDataSource       : HikariPool-1 - Shutdown completed.
19:19:44:553  INFO 6452 --- [main] com.hmall.item.ItemApplication           : Starting ItemApplication using Java 11.0.28 on LAPTOP-RUIK7QHC with PID 6452 (D:\BaiduNetdiskDownload\lession\microservices\hmall\item-service\target\classes started by zhf in D:\BaiduNetdiskDownload\lession\microservices\hmall)
19:19:44:556 DEBUG 6452 --- [main] com.hmall.item.ItemApplication           : Running with Spring Boot v2.7.12, Spring v5.3.27
19:19:44:556  INFO 6452 --- [main] com.hmall.item.ItemApplication           : The following 1 profile is active: "local"
19:19:45:221  INFO 6452 --- [main] o.s.cloud.context.scope.GenericScope     : BeanFactory id=27b5db73-bd4c-396c-a5d5-6435867d3e11
19:19:45:466  INFO 6452 --- [main] o.s.b.w.embedded.tomcat.TomcatWebServer  : Tomcat initialized with port(s): 8081 (http)
19:19:45:471  INFO 6452 --- [main] o.apache.catalina.core.StandardService   : Starting service [Tomcat]
19:19:45:471  INFO 6452 --- [main] org.apache.catalina.core.StandardEngine  : Starting Servlet engine: [Apache Tomcat/9.0.75]
19:19:45:556  INFO 6452 --- [main] o.a.c.c.C.[Tomcat].[localhost].[/]       : Initializing Spring embedded WebApplicationContext
19:19:45:557  INFO 6452 --- [main] w.s.c.ServletWebServerApplicationContext : Root WebApplicationContext: initialization completed in 971 ms
19:19:48:261  INFO 6452 --- [main] o.s.cloud.commons.util.InetUtils         : Cannot determine local hostname
19:19:48:312  INFO 6452 --- [main] pertySourcedRequestMappingHandlerMapping : Mapped URL path [/v2/api-docs] onto method [springfox.documentation.swagger2.web.Swagger2ControllerWebMvc#getDocumentation(String, HttpServletRequest)]
19:19:49:828  INFO 6452 --- [main] o.s.cloud.commons.util.InetUtils         : Cannot determine local hostname
19:19:49:933  INFO 6452 --- [main] com.alibaba.nacos.common.remote.client   : [RpcClientFactory] create a new rpc client of 3ece75e8-8020-4472-8360-0c95ac78d5a5
19:19:49:965  INFO 6452 --- [main] org.reflections.Reflections              : Reflections took 20 ms to scan 1 urls, producing 3 keys and 6 values 
19:19:49:981  INFO 6452 --- [main] org.reflections.Reflections              : Reflections took 5 ms to scan 1 urls, producing 4 keys and 9 values 
19:19:49:988  INFO 6452 --- [main] org.reflections.Reflections              : Reflections took 5 ms to scan 1 urls, producing 3 keys and 10 values 
19:19:49:991  WARN 6452 --- [main] org.reflections.Reflections              : given scan urls are empty. set urls in the configuration
19:19:49:996  INFO 6452 --- [main] org.reflections.Reflections              : Reflections took 5 ms to scan 1 urls, producing 1 keys and 5 values 
19:19:50:004  INFO 6452 --- [main] org.reflections.Reflections              : Reflections took 6 ms to scan 1 urls, producing 1 keys and 7 values 
19:19:50:011  INFO 6452 --- [main] org.reflections.Reflections              : Reflections took 4 ms to scan 1 urls, producing 2 keys and 8 values 
19:19:50:012  WARN 6452 --- [main] org.reflections.Reflections              : given scan urls are empty. set urls in the configuration
19:19:50:013  INFO 6452 --- [main] com.alibaba.nacos.common.remote.client   : [3ece75e8-8020-4472-8360-0c95ac78d5a5] RpcClient init label, labels = {module=naming, source=sdk}
19:19:50:014  INFO 6452 --- [main] com.alibaba.nacos.common.remote.client   : [3ece75e8-8020-4472-8360-0c95ac78d5a5] RpcClient init, ServerListFactory = com.alibaba.nacos.client.naming.core.ServerListManager
19:19:50:014  INFO 6452 --- [main] com.alibaba.nacos.common.remote.client   : [3ece75e8-8020-4472-8360-0c95ac78d5a5] Registry connection listener to current client:com.alibaba.nacos.client.naming.remote.gprc.redo.NamingGrpcRedoService
19:19:50:015  INFO 6452 --- [main] com.alibaba.nacos.common.remote.client   : [3ece75e8-8020-4472-8360-0c95ac78d5a5] Register server push request handler:com.alibaba.nacos.client.naming.remote.gprc.NamingPushRequestHandler
19:19:50:016  INFO 6452 --- [main] com.alibaba.nacos.common.remote.client   : [3ece75e8-8020-4472-8360-0c95ac78d5a5] Try to connect to server on start up, server: {serverIp = '192.168.126.101', server main port = 8848}
19:19:52:707  INFO 6452 --- [main] com.alibaba.nacos.common.remote.client   : [3ece75e8-8020-4472-8360-0c95ac78d5a5] Success to connect to server [192.168.126.101:8848] on start up, connectionId = 1754906886824_192.168.126.1_55842
19:19:52:708  INFO 6452 --- [com.alibaba.nacos.client.remote.worker] com.alibaba.nacos.common.remote.client   : [3ece75e8-8020-4472-8360-0c95ac78d5a5] Notify connected event to listeners.
19:19:52:709  INFO 6452 --- [main] com.alibaba.nacos.common.remote.client   : [3ece75e8-8020-4472-8360-0c95ac78d5a5] Register server push request handler:com.alibaba.nacos.common.remote.client.RpcClient$ConnectResetRequestHandler
19:19:52:710  INFO 6452 --- [main] com.alibaba.nacos.common.remote.client   : [3ece75e8-8020-4472-8360-0c95ac78d5a5] Register server push request handler:com.alibaba.nacos.common.remote.client.RpcClient$$Lambda$899/0x000000084063e040
19:19:52:832  INFO 6452 --- [main] o.s.b.w.embedded.tomcat.TomcatWebServer  : Tomcat started on port(s): 8081 (http) with context path ''
19:19:52:881  INFO 6452 --- [main] c.a.c.n.registry.NacosServiceRegistry    : nacos registry, DEFAULT_GROUP item-service 192.168.126.1:8081 register finished
19:19:53:362  INFO 6452 --- [nacos-grpc-client-executor-10] com.alibaba.nacos.common.remote.client   : [3ece75e8-8020-4472-8360-0c95ac78d5a5] Receive server push request, request = NotifySubscriberRequest, requestId = 1
19:19:53:366  INFO 6452 --- [nacos-grpc-client-executor-10] com.alibaba.nacos.common.remote.client   : [3ece75e8-8020-4472-8360-0c95ac78d5a5] Ack server push request, request = NotifySubscriberRequest, requestId = 1
19:19:54:611  INFO 51240 --- [main] com.hmall.item.ItemApplication           : Starting ItemApplication using Java 11.0.28 on LAPTOP-RUIK7QHC with PID 51240 (D:\BaiduNetdiskDownload\lession\microservices\hmall\item-service\target\classes started by zhf in D:\BaiduNetdiskDownload\lession\microservices\hmall)
19:19:54:615 DEBUG 51240 --- [main] com.hmall.item.ItemApplication           : Running with Spring Boot v2.7.12, Spring v5.3.27
19:19:54:616  INFO 51240 --- [main] com.hmall.item.ItemApplication           : The following 1 profile is active: "local"
19:19:55:422  INFO 6452 --- [main] o.s.cloud.commons.util.InetUtils         : Cannot determine local hostname
19:19:55:423  INFO 6452 --- [main] d.s.w.p.DocumentationPluginsBootstrapper : Documentation plugins bootstrapped
19:19:55:427  INFO 6452 --- [main] d.s.w.p.DocumentationPluginsBootstrapper : Found 1 custom documentation plugin(s)
19:19:55:466  INFO 6452 --- [main] s.d.s.w.s.ApiListingReferenceScanner     : Scanning for api listing references
19:19:55:679  INFO 6452 --- [main] com.hmall.item.ItemApplication           : Started ItemApplication in 13.093 seconds (JVM running for 13.891)
19:19:55:987  INFO 51240 --- [main] o.s.cloud.context.scope.GenericScope     : BeanFactory id=27b5db73-bd4c-396c-a5d5-6435867d3e11
19:19:56:514  INFO 51240 --- [main] o.s.b.w.embedded.tomcat.TomcatWebServer  : Tomcat initialized with port(s): 8085 (http)
19:19:56:525  INFO 51240 --- [main] o.apache.catalina.core.StandardService   : Starting service [Tomcat]
19:19:56:525  INFO 51240 --- [main] org.apache.catalina.core.StandardEngine  : Starting Servlet engine: [Apache Tomcat/9.0.75]
19:19:56:673  INFO 51240 --- [main] o.a.c.c.C.[Tomcat].[localhost].[/]       : Initializing Spring embedded WebApplicationContext
19:19:56:674  INFO 51240 --- [main] w.s.c.ServletWebServerApplicationContext : Root WebApplicationContext: initialization completed in 2001 ms
19:20:01:324  INFO 51240 --- [main] o.s.cloud.commons.util.InetUtils         : Cannot determine local hostname
19:20:01:624  INFO 51240 --- [main] pertySourcedRequestMappingHandlerMapping : Mapped URL path [/v2/api-docs] onto method [springfox.documentation.swagger2.web.Swagger2ControllerWebMvc#getDocumentation(String, HttpServletRequest)]
19:20:03:806  INFO 51240 --- [main] o.s.cloud.commons.util.InetUtils         : Cannot determine local hostname
19:20:03:962  INFO 51240 --- [main] com.alibaba.nacos.common.remote.client   : [RpcClientFactory] create a new rpc client of 85f605b6-0245-4059-aea5-64dca71ad561
19:20:04:010  INFO 51240 --- [main] org.reflections.Reflections              : Reflections took 23 ms to scan 1 urls, producing 3 keys and 6 values 
19:20:04:040  INFO 51240 --- [main] org.reflections.Reflections              : Reflections took 13 ms to scan 1 urls, producing 4 keys and 9 values 
19:20:04:053  INFO 51240 --- [main] org.reflections.Reflections              : Reflections took 8 ms to scan 1 urls, producing 3 keys and 10 values 
19:20:04:056  WARN 51240 --- [main] org.reflections.Reflections              : given scan urls are empty. set urls in the configuration
19:20:04:064  INFO 51240 --- [main] org.reflections.Reflections              : Reflections took 7 ms to scan 1 urls, producing 1 keys and 5 values 
19:20:04:074  INFO 51240 --- [main] org.reflections.Reflections              : Reflections took 8 ms to scan 1 urls, producing 1 keys and 7 values 
19:20:04:089  INFO 51240 --- [main] org.reflections.Reflections              : Reflections took 10 ms to scan 1 urls, producing 2 keys and 8 values 
19:20:04:091  WARN 51240 --- [main] org.reflections.Reflections              : given scan urls are empty. set urls in the configuration
19:20:04:092  INFO 51240 --- [main] com.alibaba.nacos.common.remote.client   : [85f605b6-0245-4059-aea5-64dca71ad561] RpcClient init label, labels = {module=naming, source=sdk}
19:20:04:094  INFO 51240 --- [main] com.alibaba.nacos.common.remote.client   : [85f605b6-0245-4059-aea5-64dca71ad561] RpcClient init, ServerListFactory = com.alibaba.nacos.client.naming.core.ServerListManager
19:20:04:095  INFO 51240 --- [main] com.alibaba.nacos.common.remote.client   : [85f605b6-0245-4059-aea5-64dca71ad561] Registry connection listener to current client:com.alibaba.nacos.client.naming.remote.gprc.redo.NamingGrpcRedoService
19:20:04:095  INFO 51240 --- [main] com.alibaba.nacos.common.remote.client   : [85f605b6-0245-4059-aea5-64dca71ad561] Register server push request handler:com.alibaba.nacos.client.naming.remote.gprc.NamingPushRequestHandler
19:20:04:096  INFO 51240 --- [main] com.alibaba.nacos.common.remote.client   : [85f605b6-0245-4059-aea5-64dca71ad561] Try to connect to server on start up, server: {serverIp = '192.168.126.101', server main port = 8848}
19:20:07:627  INFO 51240 --- [main] com.alibaba.nacos.common.remote.client   : [85f605b6-0245-4059-aea5-64dca71ad561] Success to connect to server [192.168.126.101:8848] on start up, connectionId = 1754906902945_192.168.126.1_55941
19:20:07:632  INFO 51240 --- [com.alibaba.nacos.client.remote.worker] com.alibaba.nacos.common.remote.client   : [85f605b6-0245-4059-aea5-64dca71ad561] Notify connected event to listeners.
19:20:07:646  INFO 51240 --- [main] com.alibaba.nacos.common.remote.client   : [85f605b6-0245-4059-aea5-64dca71ad561] Register server push request handler:com.alibaba.nacos.common.remote.client.RpcClient$ConnectResetRequestHandler
19:20:07:648  INFO 51240 --- [main] com.alibaba.nacos.common.remote.client   : [85f605b6-0245-4059-aea5-64dca71ad561] Register server push request handler:com.alibaba.nacos.common.remote.client.RpcClient$$Lambda$900/0x0000000840605840
19:20:07:780  INFO 51240 --- [main] o.s.b.w.embedded.tomcat.TomcatWebServer  : Tomcat started on port(s): 8085 (http) with context path ''
19:20:07:814  INFO 51240 --- [main] c.a.c.n.registry.NacosServiceRegistry    : nacos registry, DEFAULT_GROUP item-service 192.168.126.1:8085 register finished
19:20:08:327  INFO 51240 --- [nacos-grpc-client-executor-9] com.alibaba.nacos.common.remote.client   : [85f605b6-0245-4059-aea5-64dca71ad561] Receive server push request, request = NotifySubscriberRequest, requestId = 2
19:20:08:353  INFO 6452 --- [nacos-grpc-client-executor-16] com.alibaba.nacos.common.remote.client   : [3ece75e8-8020-4472-8360-0c95ac78d5a5] Receive server push request, request = NotifySubscriberRequest, requestId = 3
19:20:08:363  INFO 51240 --- [nacos-grpc-client-executor-9] com.alibaba.nacos.common.remote.client   : [85f605b6-0245-4059-aea5-64dca71ad561] Ack server push request, request = NotifySubscriberRequest, requestId = 2
19:20:08:364  INFO 6452 --- [nacos-grpc-client-executor-16] com.alibaba.nacos.common.remote.client   : [3ece75e8-8020-4472-8360-0c95ac78d5a5] Ack server push request, request = NotifySubscriberRequest, requestId = 3
19:20:10:048  INFO 51240 --- [main] o.s.cloud.commons.util.InetUtils         : Cannot determine local hostname
19:20:10:050  INFO 51240 --- [main] d.s.w.p.DocumentationPluginsBootstrapper : Documentation plugins bootstrapped
19:20:10:055  INFO 51240 --- [main] d.s.w.p.DocumentationPluginsBootstrapper : Found 1 custom documentation plugin(s)
19:20:10:093  INFO 51240 --- [main] s.d.s.w.s.ApiListingReferenceScanner     : Scanning for api listing references
19:20:10:208  INFO 51240 --- [main] com.hmall.item.ItemApplication           : Started ItemApplication in 18.463 seconds (JVM running for 19.673)
19:45:13:098  INFO 6452 --- [http-nio-8081-exec-1] o.a.c.c.C.[Tomcat].[localhost].[/]       : Initializing Spring DispatcherServlet 'dispatcherServlet'
19:45:13:100  INFO 6452 --- [http-nio-8081-exec-1] o.s.web.servlet.DispatcherServlet        : Initializing Servlet 'dispatcherServlet'
19:45:13:101  INFO 6452 --- [http-nio-8081-exec-1] o.s.web.servlet.DispatcherServlet        : Completed initialization in 1 ms
19:45:13:161  INFO 6452 --- [http-nio-8081-exec-1] com.zaxxer.hikari.HikariDataSource       : HikariPool-1 - Starting...
19:45:13:454  INFO 6452 --- [http-nio-8081-exec-1] com.zaxxer.hikari.HikariDataSource       : HikariPool-1 - Start completed.
19:45:13:465 DEBUG 6452 --- [http-nio-8081-exec-1] c.h.i.mapper.ItemMapper.selectBatchIds   : ==>  Preparing: SELECT id,name,price,stock,image,category,brand,spec,sold,comment_count,isAD,status,create_time,update_time,creater,updater FROM item WHERE id IN ( ? )
19:45:13:494 DEBUG 6452 --- [http-nio-8081-exec-1] c.h.i.mapper.ItemMapper.selectBatchIds   : ==> Parameters: 100000006163(Long)
19:45:13:530 DEBUG 6452 --- [http-nio-8081-exec-1] c.h.i.mapper.ItemMapper.selectBatchIds   : <==      Total: 1
19:45:14:275 DEBUG 6452 --- [http-nio-8081-exec-2] c.h.i.mapper.ItemMapper.selectBatchIds   : ==>  Preparing: SELECT id,name,price,stock,image,category,brand,spec,sold,comment_count,isAD,status,create_time,update_time,creater,updater FROM item WHERE id IN ( ? )
19:45:14:276 DEBUG 6452 --- [http-nio-8081-exec-2] c.h.i.mapper.ItemMapper.selectBatchIds   : ==> Parameters: 100000006163(Long)
19:45:14:279 DEBUG 6452 --- [http-nio-8081-exec-2] c.h.i.mapper.ItemMapper.selectBatchIds   : <==      Total: 1
19:45:15:123 DEBUG 6452 --- [http-nio-8081-exec-3] c.h.i.mapper.ItemMapper.selectBatchIds   : ==>  Preparing: SELECT id,name,price,stock,image,category,brand,spec,sold,comment_count,isAD,status,create_time,update_time,creater,updater FROM item WHERE id IN ( ? )
19:45:15:124 DEBUG 6452 --- [http-nio-8081-exec-3] c.h.i.mapper.ItemMapper.selectBatchIds   : ==> Parameters: 100000006163(Long)
19:45:15:128 DEBUG 6452 --- [http-nio-8081-exec-3] c.h.i.mapper.ItemMapper.selectBatchIds   : <==      Total: 1
19:45:15:864  INFO 51240 --- [http-nio-8085-exec-1] o.a.c.c.C.[Tomcat].[localhost].[/]       : Initializing Spring DispatcherServlet 'dispatcherServlet'
19:45:15:864  INFO 51240 --- [http-nio-8085-exec-1] o.s.web.servlet.DispatcherServlet        : Initializing Servlet 'dispatcherServlet'
19:45:15:866  INFO 51240 --- [http-nio-8085-exec-1] o.s.web.servlet.DispatcherServlet        : Completed initialization in 2 ms
19:45:15:937  INFO 51240 --- [http-nio-8085-exec-1] com.zaxxer.hikari.HikariDataSource       : HikariPool-1 - Starting...
19:45:16:249  INFO 51240 --- [http-nio-8085-exec-1] com.zaxxer.hikari.HikariDataSource       : HikariPool-1 - Start completed.
19:45:16:256 DEBUG 51240 --- [http-nio-8085-exec-1] c.h.i.mapper.ItemMapper.selectBatchIds   : ==>  Preparing: SELECT id,name,price,stock,image,category,brand,spec,sold,comment_count,isAD,status,create_time,update_time,creater,updater FROM item WHERE id IN ( ? )
19:45:16:276 DEBUG 51240 --- [http-nio-8085-exec-1] c.h.i.mapper.ItemMapper.selectBatchIds   : ==> Parameters: 100000006163(Long)
19:45:16:302 DEBUG 51240 --- [http-nio-8085-exec-1] c.h.i.mapper.ItemMapper.selectBatchIds   : <==      Total: 1
19:45:16:896 DEBUG 51240 --- [http-nio-8085-exec-2] c.h.i.mapper.ItemMapper.selectBatchIds   : ==>  Preparing: SELECT id,name,price,stock,image,category,brand,spec,sold,comment_count,isAD,status,create_time,update_time,creater,updater FROM item WHERE id IN ( ? )
19:45:16:896 DEBUG 51240 --- [http-nio-8085-exec-2] c.h.i.mapper.ItemMapper.selectBatchIds   : ==> Parameters: 100000006163(Long)
19:45:16:900 DEBUG 51240 --- [http-nio-8085-exec-2] c.h.i.mapper.ItemMapper.selectBatchIds   : <==      Total: 1
19:45:17:507 DEBUG 51240 --- [http-nio-8085-exec-3] c.h.i.mapper.ItemMapper.selectBatchIds   : ==>  Preparing: SELECT id,name,price,stock,image,category,brand,spec,sold,comment_count,isAD,status,create_time,update_time,creater,updater FROM item WHERE id IN ( ? )
19:45:17:507 DEBUG 51240 --- [http-nio-8085-exec-3] c.h.i.mapper.ItemMapper.selectBatchIds   : ==> Parameters: 100000006163(Long)
19:45:17:511 DEBUG 51240 --- [http-nio-8085-exec-3] c.h.i.mapper.ItemMapper.selectBatchIds   : <==      Total: 1
19:45:18:029 DEBUG 6452 --- [http-nio-8081-exec-4] c.h.i.mapper.ItemMapper.selectBatchIds   : ==>  Preparing: SELECT id,name,price,stock,image,category,brand,spec,sold,comment_count,isAD,status,create_time,update_time,creater,updater FROM item WHERE id IN ( ? )
19:45:18:030 DEBUG 6452 --- [http-nio-8081-exec-4] c.h.i.mapper.ItemMapper.selectBatchIds   : ==> Parameters: 100000006163(Long)
19:45:18:035 DEBUG 6452 --- [http-nio-8081-exec-4] c.h.i.mapper.ItemMapper.selectBatchIds   : <==      Total: 1
19:45:20:329  WARN 6452 --- [Thread-7] c.a.n.common.http.HttpClientBeanHolder   : [HttpClientBeanHolder] Start destroying common HttpClient
19:45:20:330  WARN 6452 --- [Thread-4] c.a.nacos.common.notify.NotifyCenter     : [NotifyCenter] Start destroying Publisher
19:45:20:330  WARN 6452 --- [Thread-4] c.a.nacos.common.notify.NotifyCenter     : [NotifyCenter] Destruction of the end
19:45:20:330  WARN 6452 --- [Thread-7] c.a.n.common.http.HttpClientBeanHolder   : [HttpClientBeanHolder] Destruction of the end
19:45:20:696  INFO 6452 --- [SpringApplicationShutdownHook] c.a.c.n.registry.NacosServiceRegistry    : De-registering from Nacos Server now...
19:45:20:702  INFO 6452 --- [SpringApplicationShutdownHook] c.a.c.n.registry.NacosServiceRegistry    : De-registration finished.
19:45:21:024  INFO 6452 --- [SpringApplicationShutdownHook] com.alibaba.nacos.common.remote.client   : Shutdown rpc client, set status to shutdown
19:45:21:026  INFO 6452 --- [SpringApplicationShutdownHook] com.alibaba.nacos.common.remote.client   : Shutdown client event executor java.util.concurrent.ScheduledThreadPoolExecutor@31fb29e1[Running, pool size = 2, active threads = 2, queued tasks = 0, completed tasks = 0]
19:45:21:026  INFO 6452 --- [SpringApplicationShutdownHook] com.alibaba.nacos.common.remote.client   : Close current connection 1754906886824_192.168.126.1_55842
19:45:21:031  INFO 6452 --- [SpringApplicationShutdownHook] c.a.n.c.remote.client.grpc.GrpcClient    : Shutdown grpc executor java.util.concurrent.ThreadPoolExecutor@46703855[Running, pool size = 4, active threads = 0, queued tasks = 0, completed tasks = 334]
19:45:21:042  INFO 6452 --- [SpringApplicationShutdownHook] com.zaxxer.hikari.HikariDataSource       : HikariPool-1 - Shutdown initiated...
19:45:21:064  INFO 6452 --- [SpringApplicationShutdownHook] com.zaxxer.hikari.HikariDataSource       : HikariPool-1 - Shutdown completed.
19:45:21:196  INFO 51240 --- [nacos-grpc-client-executor-322] com.alibaba.nacos.common.remote.client   : [85f605b6-0245-4059-aea5-64dca71ad561] Receive server push request, request = NotifySubscriberRequest, requestId = 7
19:45:21:201  INFO 51240 --- [nacos-grpc-client-executor-322] com.alibaba.nacos.common.remote.client   : [85f605b6-0245-4059-aea5-64dca71ad561] Ack server push request, request = NotifySubscriberRequest, requestId = 7
19:45:26:015  INFO 6040 --- [main] com.hmall.item.ItemApplication           : Starting ItemApplication using Java 11.0.28 on LAPTOP-RUIK7QHC with PID 6040 (D:\BaiduNetdiskDownload\lession\microservices\hmall\item-service\target\classes started by zhf in D:\BaiduNetdiskDownload\lession\microservices\hmall)
19:45:26:016 DEBUG 6040 --- [main] com.hmall.item.ItemApplication           : Running with Spring Boot v2.7.12, Spring v5.3.27
19:45:26:016  INFO 6040 --- [main] com.hmall.item.ItemApplication           : The following 1 profile is active: "local"
19:45:26:873  INFO 6040 --- [main] o.s.cloud.context.scope.GenericScope     : BeanFactory id=27b5db73-bd4c-396c-a5d5-6435867d3e11
19:45:27:164  INFO 6040 --- [main] o.s.b.w.embedded.tomcat.TomcatWebServer  : Tomcat initialized with port(s): 8081 (http)
19:45:27:173  INFO 6040 --- [main] o.apache.catalina.core.StandardService   : Starting service [Tomcat]
19:45:27:174  INFO 6040 --- [main] org.apache.catalina.core.StandardEngine  : Starting Servlet engine: [Apache Tomcat/9.0.75]
19:45:27:289  INFO 6040 --- [main] o.a.c.c.C.[Tomcat].[localhost].[/]       : Initializing Spring embedded WebApplicationContext
19:45:27:289  INFO 6040 --- [main] w.s.c.ServletWebServerApplicationContext : Root WebApplicationContext: initialization completed in 1245 ms
19:45:30:924  INFO 6040 --- [main] o.s.cloud.commons.util.InetUtils         : Cannot determine local hostname
19:45:30:968  INFO 6040 --- [main] pertySourcedRequestMappingHandlerMapping : Mapped URL path [/v2/api-docs] onto method [springfox.documentation.swagger2.web.Swagger2ControllerWebMvc#getDocumentation(String, HttpServletRequest)]
19:45:32:660  INFO 6040 --- [main] o.s.cloud.commons.util.InetUtils         : Cannot determine local hostname
19:45:32:859  INFO 6040 --- [main] com.alibaba.nacos.common.remote.client   : [RpcClientFactory] create a new rpc client of 99610ac4-50ac-41e4-b117-2549d8bb8d65
19:45:32:954  INFO 6040 --- [main] org.reflections.Reflections              : Reflections took 46 ms to scan 1 urls, producing 3 keys and 6 values 
19:45:32:995  INFO 6040 --- [main] org.reflections.Reflections              : Reflections took 11 ms to scan 1 urls, producing 4 keys and 9 values 
19:45:33:008  INFO 6040 --- [main] org.reflections.Reflections              : Reflections took 8 ms to scan 1 urls, producing 3 keys and 10 values 
19:45:33:012  WARN 6040 --- [main] org.reflections.Reflections              : given scan urls are empty. set urls in the configuration
19:45:33:022  INFO 6040 --- [main] org.reflections.Reflections              : Reflections took 8 ms to scan 1 urls, producing 1 keys and 5 values 
19:45:33:034  INFO 6040 --- [main] org.reflections.Reflections              : Reflections took 9 ms to scan 1 urls, producing 1 keys and 7 values 
19:45:33:045  INFO 6040 --- [main] org.reflections.Reflections              : Reflections took 8 ms to scan 1 urls, producing 2 keys and 8 values 
19:45:33:047  WARN 6040 --- [main] org.reflections.Reflections              : given scan urls are empty. set urls in the configuration
19:45:33:049  INFO 6040 --- [main] com.alibaba.nacos.common.remote.client   : [99610ac4-50ac-41e4-b117-2549d8bb8d65] RpcClient init label, labels = {module=naming, source=sdk}
19:45:33:053  INFO 6040 --- [main] com.alibaba.nacos.common.remote.client   : [99610ac4-50ac-41e4-b117-2549d8bb8d65] RpcClient init, ServerListFactory = com.alibaba.nacos.client.naming.core.ServerListManager
19:45:33:053  INFO 6040 --- [main] com.alibaba.nacos.common.remote.client   : [99610ac4-50ac-41e4-b117-2549d8bb8d65] Registry connection listener to current client:com.alibaba.nacos.client.naming.remote.gprc.redo.NamingGrpcRedoService
19:45:33:054  INFO 6040 --- [main] com.alibaba.nacos.common.remote.client   : [99610ac4-50ac-41e4-b117-2549d8bb8d65] Register server push request handler:com.alibaba.nacos.client.naming.remote.gprc.NamingPushRequestHandler
19:45:33:055  INFO 6040 --- [main] com.alibaba.nacos.common.remote.client   : [99610ac4-50ac-41e4-b117-2549d8bb8d65] Try to connect to server on start up, server: {serverIp = '192.168.126.101', server main port = 8848}
19:45:36:844  INFO 6040 --- [main] com.alibaba.nacos.common.remote.client   : [99610ac4-50ac-41e4-b117-2549d8bb8d65] Success to connect to server [192.168.126.101:8848] on start up, connectionId = 1754908559719_192.168.126.1_59062
19:45:36:846  INFO 6040 --- [com.alibaba.nacos.client.remote.worker] com.alibaba.nacos.common.remote.client   : [99610ac4-50ac-41e4-b117-2549d8bb8d65] Notify connected event to listeners.
19:45:36:847  INFO 6040 --- [main] com.alibaba.nacos.common.remote.client   : [99610ac4-50ac-41e4-b117-2549d8bb8d65] Register server push request handler:com.alibaba.nacos.common.remote.client.RpcClient$ConnectResetRequestHandler
19:45:36:849  INFO 6040 --- [main] com.alibaba.nacos.common.remote.client   : [99610ac4-50ac-41e4-b117-2549d8bb8d65] Register server push request handler:com.alibaba.nacos.common.remote.client.RpcClient$$Lambda$899/0x0000000840606440
19:45:36:913  INFO 6040 --- [main] o.s.b.w.embedded.tomcat.TomcatWebServer  : Tomcat started on port(s): 8081 (http) with context path ''
19:45:36:976  INFO 6040 --- [main] c.a.c.n.registry.NacosServiceRegistry    : nacos registry, DEFAULT_GROUP item-service 192.168.126.1:8081 register finished
19:45:37:404  INFO 51240 --- [nacos-grpc-client-executor-325] com.alibaba.nacos.common.remote.client   : [85f605b6-0245-4059-aea5-64dca71ad561] Receive server push request, request = NotifySubscriberRequest, requestId = 9
19:45:37:406  INFO 51240 --- [nacos-grpc-client-executor-325] com.alibaba.nacos.common.remote.client   : [85f605b6-0245-4059-aea5-64dca71ad561] Ack server push request, request = NotifySubscriberRequest, requestId = 9
19:45:37:441  INFO 6040 --- [nacos-grpc-client-executor-8] com.alibaba.nacos.common.remote.client   : [99610ac4-50ac-41e4-b117-2549d8bb8d65] Receive server push request, request = NotifySubscriberRequest, requestId = 11
19:45:37:444  INFO 6040 --- [nacos-grpc-client-executor-8] com.alibaba.nacos.common.remote.client   : [99610ac4-50ac-41e4-b117-2549d8bb8d65] Ack server push request, request = NotifySubscriberRequest, requestId = 11
19:45:39:282  INFO 6040 --- [main] o.s.cloud.commons.util.InetUtils         : Cannot determine local hostname
19:45:39:282  INFO 6040 --- [main] d.s.w.p.DocumentationPluginsBootstrapper : Documentation plugins bootstrapped
19:45:39:287  INFO 6040 --- [main] d.s.w.p.DocumentationPluginsBootstrapper : Found 1 custom documentation plugin(s)
19:45:39:322  INFO 6040 --- [main] s.d.s.w.s.ApiListingReferenceScanner     : Scanning for api listing references
19:45:39:463  INFO 6040 --- [main] com.hmall.item.ItemApplication           : Started ItemApplication in 15.487 seconds (JVM running for 16.299)
19:45:39:574  INFO 6040 --- [http-nio-8081-exec-1] o.a.c.c.C.[Tomcat].[localhost].[/]       : Initializing Spring DispatcherServlet 'dispatcherServlet'
19:45:39:575  INFO 6040 --- [http-nio-8081-exec-1] o.s.web.servlet.DispatcherServlet        : Initializing Servlet 'dispatcherServlet'
19:45:39:575  INFO 6040 --- [http-nio-8081-exec-1] o.s.web.servlet.DispatcherServlet        : Completed initialization in 0 ms
19:45:39:655  INFO 6040 --- [http-nio-8081-exec-1] com.zaxxer.hikari.HikariDataSource       : HikariPool-1 - Starting...
19:45:39:985  INFO 6040 --- [http-nio-8081-exec-1] com.zaxxer.hikari.HikariDataSource       : HikariPool-1 - Start completed.
19:45:39:995 DEBUG 6040 --- [http-nio-8081-exec-1] c.h.i.mapper.ItemMapper.selectBatchIds   : ==>  Preparing: SELECT id,name,price,stock,image,category,brand,spec,sold,comment_count,isAD,status,create_time,update_time,creater,updater FROM item WHERE id IN ( ? )
19:45:40:036 DEBUG 6040 --- [http-nio-8081-exec-1] c.h.i.mapper.ItemMapper.selectBatchIds   : ==> Parameters: 100000006163(Long)
19:45:40:060 DEBUG 6040 --- [http-nio-8081-exec-1] c.h.i.mapper.ItemMapper.selectBatchIds   : <==      Total: 1
19:45:40:632 DEBUG 6040 --- [http-nio-8081-exec-2] c.h.i.mapper.ItemMapper.selectBatchIds   : ==>  Preparing: SELECT id,name,price,stock,image,category,brand,spec,sold,comment_count,isAD,status,create_time,update_time,creater,updater FROM item WHERE id IN ( ? )
19:45:40:632 DEBUG 6040 --- [http-nio-8081-exec-2] c.h.i.mapper.ItemMapper.selectBatchIds   : ==> Parameters: 100000006163(Long)
19:45:40:636 DEBUG 6040 --- [http-nio-8081-exec-2] c.h.i.mapper.ItemMapper.selectBatchIds   : <==      Total: 1
19:45:41:435 DEBUG 6040 --- [http-nio-8081-exec-3] c.h.i.mapper.ItemMapper.selectBatchIds   : ==>  Preparing: SELECT id,name,price,stock,image,category,brand,spec,sold,comment_count,isAD,status,create_time,update_time,creater,updater FROM item WHERE id IN ( ? )
19:45:41:435 DEBUG 6040 --- [http-nio-8081-exec-3] c.h.i.mapper.ItemMapper.selectBatchIds   : ==> Parameters: 100000006163(Long)
19:45:41:438 DEBUG 6040 --- [http-nio-8081-exec-3] c.h.i.mapper.ItemMapper.selectBatchIds   : <==      Total: 1
19:45:41:965 DEBUG 51240 --- [http-nio-8085-exec-4] c.h.i.mapper.ItemMapper.selectBatchIds   : ==>  Preparing: SELECT id,name,price,stock,image,category,brand,spec,sold,comment_count,isAD,status,create_time,update_time,creater,updater FROM item WHERE id IN ( ? )
19:45:41:966 DEBUG 51240 --- [http-nio-8085-exec-4] c.h.i.mapper.ItemMapper.selectBatchIds   : ==> Parameters: 100000006163(Long)
19:45:41:972 DEBUG 51240 --- [http-nio-8085-exec-4] c.h.i.mapper.ItemMapper.selectBatchIds   : <==      Total: 1
19:45:42:399 DEBUG 6040 --- [http-nio-8081-exec-4] c.h.i.mapper.ItemMapper.selectBatchIds   : ==>  Preparing: SELECT id,name,price,stock,image,category,brand,spec,sold,comment_count,isAD,status,create_time,update_time,creater,updater FROM item WHERE id IN ( ? )
19:45:42:399 DEBUG 6040 --- [http-nio-8081-exec-4] c.h.i.mapper.ItemMapper.selectBatchIds   : ==> Parameters: 100000006163(Long)
19:45:42:404 DEBUG 6040 --- [http-nio-8081-exec-4] c.h.i.mapper.ItemMapper.selectBatchIds   : <==      Total: 1
19:45:42:757 DEBUG 6040 --- [http-nio-8081-exec-5] c.h.i.mapper.ItemMapper.selectBatchIds   : ==>  Preparing: SELECT id,name,price,stock,image,category,brand,spec,sold,comment_count,isAD,status,create_time,update_time,creater,updater FROM item WHERE id IN ( ? )
19:45:42:758 DEBUG 6040 --- [http-nio-8081-exec-5] c.h.i.mapper.ItemMapper.selectBatchIds   : ==> Parameters: 100000006163(Long)
19:45:42:764 DEBUG 6040 --- [http-nio-8081-exec-5] c.h.i.mapper.ItemMapper.selectBatchIds   : <==      Total: 1
19:45:43:019 DEBUG 6040 --- [http-nio-8081-exec-6] c.h.i.mapper.ItemMapper.selectBatchIds   : ==>  Preparing: SELECT id,name,price,stock,image,category,brand,spec,sold,comment_count,isAD,status,create_time,update_time,creater,updater FROM item WHERE id IN ( ? )
19:45:43:020 DEBUG 6040 --- [http-nio-8081-exec-6] c.h.i.mapper.ItemMapper.selectBatchIds   : ==> Parameters: 100000006163(Long)
19:45:43:025 DEBUG 6040 --- [http-nio-8081-exec-6] c.h.i.mapper.ItemMapper.selectBatchIds   : <==      Total: 1
19:45:43:214 DEBUG 51240 --- [http-nio-8085-exec-5] c.h.i.mapper.ItemMapper.selectBatchIds   : ==>  Preparing: SELECT id,name,price,stock,image,category,brand,spec,sold,comment_count,isAD,status,create_time,update_time,creater,updater FROM item WHERE id IN ( ? )
19:45:43:215 DEBUG 51240 --- [http-nio-8085-exec-5] c.h.i.mapper.ItemMapper.selectBatchIds   : ==> Parameters: 100000006163(Long)
19:45:43:218 DEBUG 51240 --- [http-nio-8085-exec-5] c.h.i.mapper.ItemMapper.selectBatchIds   : <==      Total: 1
19:45:43:400 DEBUG 6040 --- [http-nio-8081-exec-7] c.h.i.mapper.ItemMapper.selectBatchIds   : ==>  Preparing: SELECT id,name,price,stock,image,category,brand,spec,sold,comment_count,isAD,status,create_time,update_time,creater,updater FROM item WHERE id IN ( ? )
19:45:43:401 DEBUG 6040 --- [http-nio-8081-exec-7] c.h.i.mapper.ItemMapper.selectBatchIds   : ==> Parameters: 100000006163(Long)
19:45:43:404 DEBUG 6040 --- [http-nio-8081-exec-7] c.h.i.mapper.ItemMapper.selectBatchIds   : <==      Total: 1
19:45:43:575 DEBUG 6040 --- [http-nio-8081-exec-8] c.h.i.mapper.ItemMapper.selectBatchIds   : ==>  Preparing: SELECT id,name,price,stock,image,category,brand,spec,sold,comment_count,isAD,status,create_time,update_time,creater,updater FROM item WHERE id IN ( ? )
19:45:43:576 DEBUG 6040 --- [http-nio-8081-exec-8] c.h.i.mapper.ItemMapper.selectBatchIds   : ==> Parameters: 100000006163(Long)
19:45:43:582 DEBUG 6040 --- [http-nio-8081-exec-8] c.h.i.mapper.ItemMapper.selectBatchIds   : <==      Total: 1
19:45:43:746 DEBUG 51240 --- [http-nio-8085-exec-6] c.h.i.mapper.ItemMapper.selectBatchIds   : ==>  Preparing: SELECT id,name,price,stock,image,category,brand,spec,sold,comment_count,isAD,status,create_time,update_time,creater,updater FROM item WHERE id IN ( ? )
19:45:43:747 DEBUG 51240 --- [http-nio-8085-exec-6] c.h.i.mapper.ItemMapper.selectBatchIds   : ==> Parameters: 100000006163(Long)
19:45:43:750 DEBUG 51240 --- [http-nio-8085-exec-6] c.h.i.mapper.ItemMapper.selectBatchIds   : <==      Total: 1
19:45:48:799 DEBUG 51240 --- [http-nio-8085-exec-7] c.h.i.mapper.ItemMapper.selectBatchIds   : ==>  Preparing: SELECT id,name,price,stock,image,category,brand,spec,sold,comment_count,isAD,status,create_time,update_time,creater,updater FROM item WHERE id IN ( ? )
19:45:48:799 DEBUG 51240 --- [http-nio-8085-exec-7] c.h.i.mapper.ItemMapper.selectBatchIds   : ==> Parameters: 100000006163(Long)
19:45:48:803 DEBUG 51240 --- [http-nio-8085-exec-7] c.h.i.mapper.ItemMapper.selectBatchIds   : <==      Total: 1
19:45:50:547 DEBUG 6040 --- [http-nio-8081-exec-9] c.h.i.mapper.ItemMapper.selectBatchIds   : ==>  Preparing: SELECT id,name,price,stock,image,category,brand,spec,sold,comment_count,isAD,status,create_time,update_time,creater,updater FROM item WHERE id IN ( ? )
19:45:50:548 DEBUG 6040 --- [http-nio-8081-exec-9] c.h.i.mapper.ItemMapper.selectBatchIds   : ==> Parameters: 100000006163(Long)
19:45:50:551 DEBUG 6040 --- [http-nio-8081-exec-9] c.h.i.mapper.ItemMapper.selectBatchIds   : <==      Total: 1
19:45:50:878 DEBUG 6040 --- [http-nio-8081-exec-10] c.h.i.mapper.ItemMapper.selectBatchIds   : ==>  Preparing: SELECT id,name,price,stock,image,category,brand,spec,sold,comment_count,isAD,status,create_time,update_time,creater,updater FROM item WHERE id IN ( ? )
19:45:50:878 DEBUG 6040 --- [http-nio-8081-exec-10] c.h.i.mapper.ItemMapper.selectBatchIds   : ==> Parameters: 100000006163(Long)
19:45:50:883 DEBUG 6040 --- [http-nio-8081-exec-10] c.h.i.mapper.ItemMapper.selectBatchIds   : <==      Total: 1
19:45:51:140 DEBUG 51240 --- [http-nio-8085-exec-8] c.h.i.mapper.ItemMapper.selectBatchIds   : ==>  Preparing: SELECT id,name,price,stock,image,category,brand,spec,sold,comment_count,isAD,status,create_time,update_time,creater,updater FROM item WHERE id IN ( ? )
19:45:51:140 DEBUG 51240 --- [http-nio-8085-exec-8] c.h.i.mapper.ItemMapper.selectBatchIds   : ==> Parameters: 100000006163(Long)
19:45:51:143 DEBUG 51240 --- [http-nio-8085-exec-8] c.h.i.mapper.ItemMapper.selectBatchIds   : <==      Total: 1
19:45:51:403 DEBUG 51240 --- [http-nio-8085-exec-9] c.h.i.mapper.ItemMapper.selectBatchIds   : ==>  Preparing: SELECT id,name,price,stock,image,category,brand,spec,sold,comment_count,isAD,status,create_time,update_time,creater,updater FROM item WHERE id IN ( ? )
19:45:51:403 DEBUG 51240 --- [http-nio-8085-exec-9] c.h.i.mapper.ItemMapper.selectBatchIds   : ==> Parameters: 100000006163(Long)
19:45:51:408 DEBUG 51240 --- [http-nio-8085-exec-9] c.h.i.mapper.ItemMapper.selectBatchIds   : <==      Total: 1
19:45:51:644 DEBUG 6040 --- [http-nio-8081-exec-1] c.h.i.mapper.ItemMapper.selectBatchIds   : ==>  Preparing: SELECT id,name,price,stock,image,category,brand,spec,sold,comment_count,isAD,status,create_time,update_time,creater,updater FROM item WHERE id IN ( ? )
19:45:51:645 DEBUG 6040 --- [http-nio-8081-exec-1] c.h.i.mapper.ItemMapper.selectBatchIds   : ==> Parameters: 100000006163(Long)
19:45:51:648 DEBUG 6040 --- [http-nio-8081-exec-1] c.h.i.mapper.ItemMapper.selectBatchIds   : <==      Total: 1
19:45:51:885 DEBUG 6040 --- [http-nio-8081-exec-2] c.h.i.mapper.ItemMapper.selectBatchIds   : ==>  Preparing: SELECT id,name,price,stock,image,category,brand,spec,sold,comment_count,isAD,status,create_time,update_time,creater,updater FROM item WHERE id IN ( ? )
19:45:51:885 DEBUG 6040 --- [http-nio-8081-exec-2] c.h.i.mapper.ItemMapper.selectBatchIds   : ==> Parameters: 100000006163(Long)
19:45:51:889 DEBUG 6040 --- [http-nio-8081-exec-2] c.h.i.mapper.ItemMapper.selectBatchIds   : <==      Total: 1
19:45:52:086 DEBUG 6040 --- [http-nio-8081-exec-3] c.h.i.mapper.ItemMapper.selectBatchIds   : ==>  Preparing: SELECT id,name,price,stock,image,category,brand,spec,sold,comment_count,isAD,status,create_time,update_time,creater,updater FROM item WHERE id IN ( ? )
19:45:52:088 DEBUG 6040 --- [http-nio-8081-exec-3] c.h.i.mapper.ItemMapper.selectBatchIds   : ==> Parameters: 100000006163(Long)
19:45:52:091 DEBUG 6040 --- [http-nio-8081-exec-3] c.h.i.mapper.ItemMapper.selectBatchIds   : <==      Total: 1
19:45:52:282 DEBUG 6040 --- [http-nio-8081-exec-4] c.h.i.mapper.ItemMapper.selectBatchIds   : ==>  Preparing: SELECT id,name,price,stock,image,category,brand,spec,sold,comment_count,isAD,status,create_time,update_time,creater,updater FROM item WHERE id IN ( ? )
19:45:52:282 DEBUG 6040 --- [http-nio-8081-exec-4] c.h.i.mapper.ItemMapper.selectBatchIds   : ==> Parameters: 100000006163(Long)
19:45:52:285 DEBUG 6040 --- [http-nio-8081-exec-4] c.h.i.mapper.ItemMapper.selectBatchIds   : <==      Total: 1
19:46:31:593 DEBUG 6040 --- [http-nio-8081-exec-6] c.h.i.mapper.ItemMapper.selectBatchIds   : ==>  Preparing: SELECT id,name,price,stock,image,category,brand,spec,sold,comment_count,isAD,status,create_time,update_time,creater,updater FROM item WHERE id IN ( ? )
19:46:31:593 DEBUG 6040 --- [http-nio-8081-exec-6] c.h.i.mapper.ItemMapper.selectBatchIds   : ==> Parameters: 100000006163(Long)
19:46:31:598 DEBUG 6040 --- [http-nio-8081-exec-6] c.h.i.mapper.ItemMapper.selectBatchIds   : <==      Total: 1
19:46:33:123 DEBUG 6040 --- [http-nio-8081-exec-7] c.h.i.mapper.ItemMapper.selectBatchIds   : ==>  Preparing: SELECT id,name,price,stock,image,category,brand,spec,sold,comment_count,isAD,status,create_time,update_time,creater,updater FROM item WHERE id IN ( ? )
19:46:33:125 DEBUG 6040 --- [http-nio-8081-exec-7] c.h.i.mapper.ItemMapper.selectBatchIds   : ==> Parameters: 100000006163(Long)
19:46:33:131 DEBUG 6040 --- [http-nio-8081-exec-7] c.h.i.mapper.ItemMapper.selectBatchIds   : <==      Total: 1
19:46:34:152 DEBUG 6040 --- [http-nio-8081-exec-8] c.h.i.mapper.ItemMapper.selectBatchIds   : ==>  Preparing: SELECT id,name,price,stock,image,category,brand,spec,sold,comment_count,isAD,status,create_time,update_time,creater,updater FROM item WHERE id IN ( ? )
19:46:34:153 DEBUG 6040 --- [http-nio-8081-exec-8] c.h.i.mapper.ItemMapper.selectBatchIds   : ==> Parameters: 100000006163(Long)
19:46:34:156 DEBUG 6040 --- [http-nio-8081-exec-8] c.h.i.mapper.ItemMapper.selectBatchIds   : <==      Total: 1
19:47:17:292  WARN 51240 --- [Thread-4] c.a.nacos.common.notify.NotifyCenter     : [NotifyCenter] Start destroying Publisher
19:47:17:292  WARN 51240 --- [Thread-4] c.a.nacos.common.notify.NotifyCenter     : [NotifyCenter] Destruction of the end
19:47:17:292  WARN 51240 --- [Thread-7] c.a.n.common.http.HttpClientBeanHolder   : [HttpClientBeanHolder] Start destroying common HttpClient
19:47:17:293  WARN 51240 --- [Thread-7] c.a.n.common.http.HttpClientBeanHolder   : [HttpClientBeanHolder] Destruction of the end
19:47:17:629  WARN 6040 --- [Thread-4] c.a.nacos.common.notify.NotifyCenter     : [NotifyCenter] Start destroying Publisher
19:47:17:629  WARN 6040 --- [Thread-4] c.a.nacos.common.notify.NotifyCenter     : [NotifyCenter] Destruction of the end
19:47:17:630  WARN 6040 --- [Thread-7] c.a.n.common.http.HttpClientBeanHolder   : [HttpClientBeanHolder] Start destroying common HttpClient
19:47:17:632  WARN 6040 --- [Thread-7] c.a.n.common.http.HttpClientBeanHolder   : [HttpClientBeanHolder] Destruction of the end
19:47:17:723  INFO 51240 --- [SpringApplicationShutdownHook] c.a.c.n.registry.NacosServiceRegistry    : De-registering from Nacos Server now...
19:47:17:748  INFO 51240 --- [SpringApplicationShutdownHook] c.a.c.n.registry.NacosServiceRegistry    : De-registration finished.
19:47:18:078  INFO 51240 --- [SpringApplicationShutdownHook] com.alibaba.nacos.common.remote.client   : Shutdown rpc client, set status to shutdown
19:47:18:078  INFO 51240 --- [SpringApplicationShutdownHook] com.alibaba.nacos.common.remote.client   : Shutdown client event executor java.util.concurrent.ScheduledThreadPoolExecutor@a1a36c7[Running, pool size = 2, active threads = 2, queued tasks = 0, completed tasks = 0]
19:47:18:079  INFO 51240 --- [SpringApplicationShutdownHook] com.alibaba.nacos.common.remote.client   : Close current connection 1754906902945_192.168.126.1_55941
19:47:18:083  INFO 51240 --- [SpringApplicationShutdownHook] c.a.n.c.remote.client.grpc.GrpcClient    : Shutdown grpc executor java.util.concurrent.ThreadPoolExecutor@34873405[Running, pool size = 5, active threads = 1, queued tasks = 0, completed tasks = 347]
19:47:18:086  INFO 51240 --- [nacos-grpc-client-executor-347] c.a.n.c.remote.client.grpc.GrpcClient    : [1754906902945_192.168.126.1_55941]Ignore complete event,isRunning:false,isAbandon=false
19:47:18:088  INFO 51240 --- [SpringApplicationShutdownHook] com.zaxxer.hikari.HikariDataSource       : HikariPool-1 - Shutdown initiated...
19:47:18:090  INFO 6040 --- [SpringApplicationShutdownHook] c.a.c.n.registry.NacosServiceRegistry    : De-registering from Nacos Server now...
19:47:18:099  INFO 6040 --- [SpringApplicationShutdownHook] c.a.c.n.registry.NacosServiceRegistry    : De-registration finished.
19:47:18:104  INFO 51240 --- [SpringApplicationShutdownHook] com.zaxxer.hikari.HikariDataSource       : HikariPool-1 - Shutdown completed.
19:47:18:289  INFO 6040 --- [nacos-grpc-client-executor-31] com.alibaba.nacos.common.remote.client   : [99610ac4-50ac-41e4-b117-2549d8bb8d65] Receive server push request, request = NotifySubscriberRequest, requestId = 16
19:47:18:291  INFO 6040 --- [nacos-grpc-client-executor-31] com.alibaba.nacos.common.remote.client   : [99610ac4-50ac-41e4-b117-2549d8bb8d65] Ack server push request, request = NotifySubscriberRequest, requestId = 16
19:47:18:435  INFO 6040 --- [SpringApplicationShutdownHook] com.alibaba.nacos.common.remote.client   : Shutdown rpc client, set status to shutdown
19:47:18:435  INFO 6040 --- [SpringApplicationShutdownHook] com.alibaba.nacos.common.remote.client   : Shutdown client event executor java.util.concurrent.ScheduledThreadPoolExecutor@45fb25df[Running, pool size = 2, active threads = 2, queued tasks = 0, completed tasks = 0]
19:47:18:435  INFO 6040 --- [SpringApplicationShutdownHook] com.alibaba.nacos.common.remote.client   : Close current connection 1754908559719_192.168.126.1_59062
19:47:18:440  INFO 6040 --- [nacos-grpc-client-executor-32] c.a.n.c.remote.client.grpc.GrpcClient    : [1754908559719_192.168.126.1_59062]Ignore complete event,isRunning:false,isAbandon=false
19:47:18:444  INFO 6040 --- [SpringApplicationShutdownHook] c.a.n.c.remote.client.grpc.GrpcClient    : Shutdown grpc executor java.util.concurrent.ThreadPoolExecutor@4f03f867[Running, pool size = 5, active threads = 0, queued tasks = 0, completed tasks = 33]
19:47:18:450  INFO 6040 --- [SpringApplicationShutdownHook] com.zaxxer.hikari.HikariDataSource       : HikariPool-1 - Shutdown initiated...
19:47:18:470  INFO 6040 --- [SpringApplicationShutdownHook] com.zaxxer.hikari.HikariDataSource       : HikariPool-1 - Shutdown completed.
